Arguments: 
  C:\Program Files\nodejs\node.exe C:\Program Files\nodejs\node_modules\yarn\bin\yarn.js add gulpjs/gulp@4.0 --dev

PATH: 
  C:\Users\Yaroshuk\bin;C:\Program Files\Git\mingw64\bin;C:\Program Files\Git\usr\local\bin;C:\Program Files\Git\usr\bin;C:\Program Files\Git\usr\bin;C:\Program Files\Git\cmd;C:\cmder_mini\vendor\conemu-maximus5\ConEmu\Scripts;C:\cmder_mini\vendor\conemu-maximus5;C:\cmder_mini\vendor\conemu-maximus5\ConEmu;C:\Program Files\Dell\DW WLAN Card;C:\Program Files (x86)\AMD APP\bin\x86_64;C:\Program Files (x86)\AMD APP\bin\x86;C:\Windows\system32;C:\Windows;C:\Windows\System32\Wbem;C:\Windows\System32\WindowsPowerShell\v1.0;C:\Program Files\WIDCOMM\Bluetooth Software;C:\Program Files\WIDCOMM\Bluetooth Software\syswow64;C:\Program Files (x86)\ATI Technologies\ATI.ACE\Core-Static;C:\Program Files\Git\cmd;C:\Users\Yaroshuk\AppData\Roaming\nvm;C:\Program Files\nodejs;C:\Program Files\Redis;C:\mongodb\bin;C:\cmder_mini;D:\node_modules;C:\Users\Yaroshuk\AppData\Roaming\npm;C:\Users\Yaroshuk\AppData\Roaming\nvm;C:\Program Files\nodejs;C:\Program Files\Git\usr\bin\vendor_perl;C:\Program Files\Git\usr\bin\core_perl

Yarn version: 
  0.27.5

Node version: 
  7.9.0

Platform: 
  win32 x64

npm manifest: 
  {
    "name": "project",
    "version": "1.0.0",
    "description": "",
    "main": "index.js",
    "scripts": {
      "test": "echo \"Error: no test specified\" && exit 1"
    },
    "author": "",
    "license": "ISC",
    "devDependencies": {
    }
  }

yarn manifest: 
  No manifest

Lockfile: 
  # THIS IS AN AUTOGENERATED FILE. DO NOT EDIT THIS FILE DIRECTLY.
  # yarn lockfile v1

Trace: 
  Error: https://registry.yarnpkg.com/gulpjs%2fgulp: connect ENOBUFS 54.172.59.7:443 - Local (172.31.16.120:41069)
      at Request.params.callback [as _callback] (C:\Users\Yaroshuk\AppData\Roaming\nvm\v7.9.0\node_modules\yarn\lib\util\request-manager.js:326:18)
      at Request.self.callback (C:\Users\Yaroshuk\AppData\Roaming\nvm\v7.9.0\node_modules\yarn\node_modules\request\request.js:188:22)
      at emitTwo (events.js:106:13)
      at Request.emit (events.js:194:7)
      at Request.<anonymous> (C:\Users\Yaroshuk\AppData\Roaming\nvm\v7.9.0\node_modules\yarn\node_modules\request\request.js:1171:10)
      at emitOne (events.js:96:13)
      at Request.emit (events.js:191:7)
      at IncomingMessage.<anonymous> (C:\Users\Yaroshuk\AppData\Roaming\nvm\v7.9.0\node_modules\yarn\node_modules\request\request.js:1091:12)
      at Object.onceWrapper (events.js:293:19)
      at emitNone (events.js:91:20)
